<?xml version="1.0" encoding="UTF-8"?>
<!-- Generated by org.testng.reporters.JUnitXMLReporter -->
<testsuite hostname="DESKTOP-QA8EEE9" ignored="0" name="Verify New Company name is updated by passing all Valid Details" tests="2" failures="0" timestamp="23 Jul 2018 11:13:21 GMT" time="16.257" errors="0">
  <testcase name="CreateCompany" time="6.909" classname="TestCases.US_SBDC_1001_TC0003"/>
  <testcase name="Execute" time="9.341" classname="TestCases.US_SBDC_1001_TC0003"/>
</testsuite> <!-- Verify New Company name is updated by passing all Valid Details -->
