<?xml version="1.0" encoding="UTF-8"?>
<!-- Generated by org.testng.reporters.JUnitXMLReporter -->
<testsuite hostname="DESKTOP-QA8EEE9" ignored="0" name="Verify Creation of a New Company by passing all Valid Details" tests="2" failures="1" timestamp="24 Jul 2018 19:03:21 GMT" time="0.052" errors="0">
  <testcase name="CreateCompany" time="0.04" classname="TestCases.US_SBDC_1001_TC0002">
    <failure type="java.lang.NoClassDefFoundError" message="org/openqa/selenium/interactions/internal/Locatable">
      <![CDATA[java.lang.NoClassDefFoundError: org/openqa/selenium/interactions/internal/Locatable
	at org.openqa.selenium.support.pagefactory.DefaultFieldDecorator.proxyForLocator(DefaultFieldDecorator.java:101)
	at org.openqa.selenium.support.pagefactory.DefaultFieldDecorator.decorate(DefaultFieldDecorator.java:62)
	at org.openqa.selenium.support.PageFactory.proxyFields(PageFactory.java:113)
	at org.openqa.selenium.support.PageFactory.initElements(PageFactory.java:105)
	at org.openqa.selenium.support.PageFactory.initElements(PageFactory.java:92)
	at org.openqa.selenium.support.PageFactory.initElements(PageFactory.java:79)
	at ejagruti.finsys.pageobject.companymanage.<init>(companymanage.java:17)
	at ejagruti.finsys.modules.createcompanymodule.<init>(createcompanymodule.java:20)
	at TestCases.US_SBDC_1001_TC0002.CreateCompany(US_SBDC_1001_TC0002.java:44)
Caused by: java.lang.ClassNotFoundException: org.openqa.selenium.interactions.internal.Locatable
	at java.net.URLClassLoader.findClass(URLClassLoader.java:381)
	at java.lang.ClassLoader.loadClass(ClassLoader.java:424)
	at sun.misc.Launcher$AppClassLoader.loadClass(Launcher.java:338)
	at java.lang.ClassLoader.loadClass(ClassLoader.java:357)
	... 37 more
... Removed 28 stack frames]]>
    </failure>
  </testcase> <!-- CreateCompany -->
  <testcase name="Execute" time="0.009" classname="TestCases.US_SBDC_1001_TC0002"/>
</testsuite> <!-- Verify Creation of a New Company by passing all Valid Details -->
