<?xml version="1.0" encoding="UTF-8"?>
<!-- Generated by org.testng.reporters.JUnitXMLReporter -->
<testsuite hostname="DESKTOP-QA8EEE9" ignored="0" name="Verify New Company name is updated by passing all Valid Details" tests="2" failures="1" timestamp="24 Jul 2018 19:03:21 GMT" time="0.01" errors="0">
  <testcase name="CreateCompany" time="0.0" classname="TestCases.US_SBDC_1001_TC0003">
    <failure type="java.lang.NoClassDefFoundError" message="org/openqa/selenium/interactions/internal/Locatable">
      <![CDATA[java.lang.NoClassDefFoundError: org/openqa/selenium/interactions/internal/Locatable
	at org.openqa.selenium.support.pagefactory.DefaultFieldDecorator.proxyForLocator(DefaultFieldDecorator.java:101)
	at org.openqa.selenium.support.pagefactory.DefaultFieldDecorator.decorate(DefaultFieldDecorator.java:62)
	at org.openqa.selenium.support.PageFactory.proxyFields(PageFactory.java:113)
	at org.openqa.selenium.support.PageFactory.initElements(PageFactory.java:105)
	at org.openqa.selenium.support.PageFactory.initElements(PageFactory.java:92)
	at org.openqa.selenium.support.PageFactory.initElements(PageFactory.java:79)
	at ejagruti.finsys.pageobject.companymanage.<init>(companymanage.java:17)
	at ejagruti.finsys.modules.createcompanymodule.<init>(createcompanymodule.java:20)
	at TestCases.US_SBDC_1001_TC0003.CreateCompany(US_SBDC_1001_TC0003.java:53)
... Removed 28 stack frames]]>
    </failure>
  </testcase> <!-- CreateCompany -->
  <testcase name="Execute" time="0.006" classname="TestCases.US_SBDC_1001_TC0003"/>
</testsuite> <!-- Verify New Company name is updated by passing all Valid Details -->
