<?xml version="1.0" encoding="UTF-8"?>
<testsuite name="TestSuite" time="0.29" tests="5" errors="0" skipped="0" failures="3">
  <properties>
[...]
</properties>
  <testcase name="Execute" classname="TestCases.US_SBDC_1000_TC0001" time="0.233">
    <failure message="Build info: version: &apos;3.2.0&apos;, revision: &apos;8c03df6b79&apos;, time: &apos;2017-02-23 10:51:31 +0000&apos;&#10;System info: host: &apos;DESKTOP-QA8EEE9&apos;, ip: &apos;192.168.0.107&apos;, os.name: &apos;Windows 10&apos;, os.arch: &apos;amd64&apos;, os.version: &apos;10.0&apos;, java.version: &apos;1.8.0_161&apos;&#10;Driver info: driver.version: unknown" type="org.openqa.selenium.WebDriverException">org.openqa.selenium.WebDriverException: Build info: version: '3.2.0', revision: '8c03df6b79', time: '2017-02-23 10:51:31 +0000'
System info: host: 'DESKTOP-QA8EEE9', ip: '192.168.0.107', os.name: 'Windows 10', os.arch: 'amd64', os.version: '10.0', java.version: '1.8.0_161'
Driver info: driver.version: unknown
	at ejagruti.finsys.modules.LaunchApp.LaunchApplication(LaunchApp.java:39)
	at TestCases.US_SBDC_1000_TC0001.Execute(US_SBDC_1000_TC0001.java:15)
</failure>
  </testcase>
  <testcase name="CreateCompany" classname="TestCases.US_SBDC_1001_TC0002" time="0.04">
    <failure message="org/openqa/selenium/interactions/internal/Locatable" type="java.lang.NoClassDefFoundError"><![CDATA[java.lang.NoClassDefFoundError: org/openqa/selenium/interactions/internal/Locatable
	at java.net.URLClassLoader.findClass(URLClassLoader.java:381)
	at java.lang.ClassLoader.loadClass(ClassLoader.java:424)
	at sun.misc.Launcher$AppClassLoader.loadClass(Launcher.java:338)
	at java.lang.ClassLoader.loadClass(ClassLoader.java:357)
	at org.openqa.selenium.support.pagefactory.DefaultFieldDecorator.proxyForLocator(DefaultFieldDecorator.java:101)
	at org.openqa.selenium.support.pagefactory.DefaultFieldDecorator.decorate(DefaultFieldDecorator.java:62)
	at org.openqa.selenium.support.PageFactory.proxyFields(PageFactory.java:113)
	at org.openqa.selenium.support.PageFactory.initElements(PageFactory.java:105)
	at org.openqa.selenium.support.PageFactory.initElements(PageFactory.java:92)
	at org.openqa.selenium.support.PageFactory.initElements(PageFactory.java:79)
	at ejagruti.finsys.pageobject.companymanage.<init>(companymanage.java:17)
	at ejagruti.finsys.modules.createcompanymodule.<init>(createcompanymodule.java:20)
	at TestCases.US_SBDC_1001_TC0002.CreateCompany(US_SBDC_1001_TC0002.java:44)
]]></failure>
  </testcase>
  <testcase name="Execute" classname="TestCases.US_SBDC_1001_TC0002" time="0.009"/>
  <testcase name="CreateCompany" classname="TestCases.US_SBDC_1001_TC0003" time="0.001">
    <failure message="org/openqa/selenium/interactions/internal/Locatable" type="java.lang.NoClassDefFoundError"><![CDATA[java.lang.NoClassDefFoundError: org/openqa/selenium/interactions/internal/Locatable
	at org.openqa.selenium.support.pagefactory.DefaultFieldDecorator.proxyForLocator(DefaultFieldDecorator.java:101)
	at org.openqa.selenium.support.pagefactory.DefaultFieldDecorator.decorate(DefaultFieldDecorator.java:62)
	at org.openqa.selenium.support.PageFactory.proxyFields(PageFactory.java:113)
	at org.openqa.selenium.support.PageFactory.initElements(PageFactory.java:105)
	at org.openqa.selenium.support.PageFactory.initElements(PageFactory.java:92)
	at org.openqa.selenium.support.PageFactory.initElements(PageFactory.java:79)
	at ejagruti.finsys.pageobject.companymanage.<init>(companymanage.java:17)
	at ejagruti.finsys.modules.createcompanymodule.<init>(createcompanymodule.java:20)
	at TestCases.US_SBDC_1001_TC0003.CreateCompany(US_SBDC_1001_TC0003.java:53)
]]></failure>
    <system-out><![CDATA[he
]]></system-out>
  </testcase>
  <testcase name="Execute" classname="TestCases.US_SBDC_1001_TC0003" time="0.007"/>
</testsuite>